7
4
8
2
8
5
9
11
10
8
6
10
13
6
14
16
15
21
22
19
25
25
14
19
28
25
24
38
33
31
49
53
27
33
42
61
37
47
36
42
68
79
54
99
91
45
52
49
87
122
84
110
60
98
47
54
46
151
121
108
128
43
141
64
131
96
67
174
50
65
217
129
140
82
82
166
220
67
239
113
167
72
87
158
233
72
108
291
75
86
117
335
237
64
91
60
186
367
116
102
287
100
106
221
215
152
349
285
372
344
417
316
454
425
428
389
116
161
132
365
187
145
145
595
281
469
98
445
576
360
222
170
550
557
445
526
433
137
192
504
117
713
798
362
608
174
483
610
169
148
557
707
636
201
612
808
867
692
179
921
196
395
174
665
790
644
884
192
838
627
650
160
184
640
197
188
672
646
711
692
1178
681
688
215
513
217
964
909
256
816
999
