3
3
4
4
5
6
7
8
11
12
13
17
21
21
24
26
32
35
38
41
50
54
58
63
76
77
83
90
106
112
127
124
164
151
165
172
199
210
226
236
263
274
294
308
342
351
381
389
438
448
478
495
564
566
605
614
693
694
740
756
840
858
920
931
1016
1044
1093
1118
1246
1248
1324
1364
1470
1506
1588
1625
1754
1795
1951
1917
2082
2130
2207
2246
2439
2507
2564
2613
2816
2887
2964
3647
3338
3314
3428
3503
3716
3781
3946
4016
4249
4372
4492
4580
4895
4988
5207
5531
5618
5687
5879
6043
6380
6483
6841
6850
7218
7437
7651
7848
8257
8407
8604
8779
9331
9417
11564
11738
12178
10516
10854
11039
12211
13796
12101
12231
12880
13156
13376
13534
14410
14492
14769
15187
15739
15969
18097
18372
19423
18080
18790
18386
19150
21789
21867
22338
23378
21300
21648
22108
23043
25824
26911
27163
29024
25543
25952
26131
27286
31075
28135
28530
30159
30531
30737
34565
32222
32637
33502
33832
34983
35394
36914
37337
38177
38429
39548
40135
41253
42260
46093
46247
48594
45201
45650
49658
51732
48167
51912
53763
52511
52683
56991
57304
59525
56963
56609
61846
64200
63907
65470
65755
67480
64778
69474
70504
72513
73443
74647
69860
71845
74245
79002
80539
80448
78677
78192
79236
81778
84947
88206
86691
86809
92244
88761
89858
99656
100857
97844
95942
98319
106964
102139
109406
112864
113924
107719
116876
119522
118174
121577
120259
118227
122414
130586
130900
134522
136963
137480
141161
142662
138146
145864
145723
150300
151615
153038
155241
158201
159915
162158
162126
166372
168374
170073
170630
176685
167965
181984
181265
185315
187188
191431
192526
196448
196396
199379
201323
207676
206816
214886
213261
215677
221974
224220
220796
225785
232039
229800
231404
238052
242464
242086
245668
249447
250954
253904
254610
260726
264074
270256
267638
278606
277064
281773
281623
292605
290763
292371
295718
301696
305389
306268
308590
314905
329401
320497
322361
337558
335380
343979
337157
346778
351864
354155
365544
369982
386660
389643
391536
389775
399834
406255
404747
423560
419824
415552
427501
434571
438710
445393
448118
463202
459524
475304
467892
483419
498451
491477
490684
502683
510942
519260
526475
532042
538847
538839
546568
557976
556410
575144
578263
584841
585683
597905
595012
619106
620362
638555
623311
640425
649653
649793
654615
664783
682409
671850
680206
693992
702544
695918
712001
724162
734001
728819
741031
753248
763299
769756
761802
784690
788283
790865
800049
813759
817297
825805
833187
842938
858569
864551
869405
878501
880017
889908
894555
922983
917937
910260
921453
935148
947743
944825
950195
971023
984873
983181
991412
1014699
1024043
1022388
1029303
1045207
1054641
1057748
1062453
1083821
1090132
1099142
1107229
1129616
1124022
1135057
1141973
1174690
1165230
1169055
1198947
1240675
1227767
1250555
1210740
1231645
1249590
1246661
1253076
1275220
1291010
1287971
1299848
1319133
1329798
1329667
1339433
1361243
1370208
1375318
1381853
1406758
1413746
1434127
1441592
1465783
1459410
1468471
1475415
1504679
1506604
1509878
1519757
1540645
1553406
1556667
1562405
1584337
1600739
1595840
1605303
1631745
1644976
1643769
