22
21
36
37
49
56
8
51
18
78
72
64
8
107
127
36
90
54
56
168
141
62
244
25
22
19
324
224
361
226
237
17
80
155
470
244
286
91
136
63
427
612
587
628
729
706
721
275
217
867
873
489
572
681
162
1056
1054
1054
1145
190
961
873
953
857
1359
451
1444
1081
1132
1338
946
1640
977
1652
655
221
461
202
231
713
2019
1302
1976
295
2116
2256
1992
108
2373
1653
158
2487
556
323
914
2638
1212
2752
262
2915
2842
101
470
741
3210
2763
2838
1094
476
3383
3350
3656
3721
3782
3844
1256
2415
4032
2782
1630
3643
271
4356
4148
3747
1071
1203
4692
1099
274
924
2505
137
4832
410
3879
5061
3956
3485
5520
5589
5700
492
582
5551
5879
5901
2178
488
2095
226
3493
738
445
645
3332
6889
3017
536
2157
265
2785
1496
7294
2064
1336
6850
7832
584
7604
1885
8099
5669
304
2132
3349
712
3166
2003
7058
1391
9077
463
8809
2096
9232
778
9702
9416
5000
167
