7
4
7
2
7
5
8
4
4
7
4
6
6
4
12
7
9
11
8
8
20
25
14
16
8
19
19
20
24
22
42
26
17
24
29
23
27
13
32
23
30
27
54
45
89
45
47
22
24
42
30
21
50
38
47
33
46
45
120
46
33
35
43
52
38
45
50
50
50
42
65
34
47
55
41
55
25
38
147
45
80
68
63
90
228
72
62
52
69
57
57
222
66
64
63
60
64
198
86
90
52
83
106
74
110
56
192
98
197
60
412
101
95
148
79
100
79
103
132
139
83
109
66
239
86
80
98
78
164
115
82
139
407
112
190
114
433
123
128
119
105
202
122
90
133
173
137
113
130
112
98
313
127
142
151
503
135
97
95
126
189
144
170
121
452
190
88
168
175
150
258
157
134
166
146
172
119
144
169
222
140
158
112
211
213
178
135
174
159
110
426
