1
0
0
0
0
0
0
0
0
0
0
0
0
0
0
0
0
0
0
0
0
0
0
0
2
0
3
0
0
0
0
2
1
1
1
1
1
1
1
1
1
1
1
1
1
1
1
1
1
1
3
1
1
1
4
1
1
4
5
1
2
2
2
2
2
2
2
2
4
4
4
4
4
5
4
4
5
5
5
5
5
5
4
2
7
5
5
5
5
8
5
9
5
6
5
7
7
7
5
7
7
8
7
5
7
7
5
3
4
8
10
8
8
6
8
8
8
8
8
9
8
9
9
9
9
9
10
9
9
9
10
9
9
12
7
5
5
9
10
10
10
11
10
10
10
11
10
8
10
10
11
11
11
9
9
9
10
9
7
9
9
9
9
12
9
10
8
8
8
10
10
8
10
10
8
8
8
9
9
9
10
11
10
10
10
11
14
11
11
13
11
11
11
12
11
11
11
12
12
10
12
12
10
10
10
11
11
11
11
11
12
12
12
13
11
11
11
12
12
12
12
12
14
12
12
12
12
18
12
13
13
15
13
13
13
13
13
13
13
13
14
16
15
15
17
14
14
15
15
17
15
15
15
16
17
17
16
18
16
16
16
18
16
16
16
17
16
17
17
17
17
17
17
17
17
17
18
18
18
18
18
19
19
19
19
20
19
19
19
20
19
19
20
20
20
20
20
22
20
20
21
21
21
21
21
22
21
21
22
22
21
22
22
23
22
22
23
23
22
27
23
25
24
24
24
24
24
25
24
24
29
24
25
25
24
25
25
26
25
25
26
26
26
26
26
26
26
27
27
27
27
27
27
27
28
28
29
28
28
28
28
29
28
29
29
30
29
29
30
33
32
33
33
31
30
31
31
31
31
31
32
35
31
32
34
33
32
34
33
33
34
33
33
34
33
34
34
34
34
37
35
35
36
36
36
36
36
36
36
37
37
37
38
37
37
37
38
52
37
38
39
39
38
40
39
40
43
45
49
42
43
44
44
43
43
43
44
41
40
41
42
42
41
42
48
44
47
48
43
44
44
44
44
44
47
44
45
47
47
47
46
46
45
46
47
47
46
47
47
47
47
47
48
49
47
48
48
49
48
52
55
54
49
49
50
51
49
50
51
51
51
