0
0
0
0
0
0
0
0
0
0
0
0
0
3
3
3
4
4
0
1
1
1
3
3
3
3
2
4
3
4
4
3
3
3
4
3
4
3
3
4
4
4
6
4
6
4
6
6
6
6
2
7
7
7
4
4
4
4
4
4
5
3
5
3
3
3
3
3
5
5
5
5
5
3
5
5
5
5
6
4
4
8
4
4
4
5
5
5
5
5
5
8
5
5
5
5
5
5
7
6
6
6
6
8
6
6
6
8
8
6
7
7
7
7
11
7
7
7
8
8
8
8
8
8
8
9
8
9
9
9
9
9
14
9
9
9
10
10
10
10
10
10
10
10
11
11
11
11
11
11
17
12
12
12
12
12
13
13
13
13
13
13
13
14
14
14
14
14
14
15
15
15
15
15
15
16
16
16
16
16
16
16
16
17
17
17
24
17
17
18
18
18
18
18
18
19
19
19
19
22
20
20
20
20
20
20
20
20
21
21
21
21
22
22
22
22
22
22
22
23
24
24
23
24
24
30
24
24
25
25
25
25
26
26
26
26
26
27
27
27
27
29
29
30
30
29
29
29
30
30
30
31
30
31
31
32
32
32
32
37
33
33
33
33
34
34
35
35
36
35
36
36
36
37
37
37
37
38
38
38
39
39
39
40
40
41
41
45
41
41
42
42
43
43
48
43
44
44
45
45
46
46
46
46
46
47
48
48
48
48
49
49
49
50
50
50
51
51
51
52
52
53
53
53
54
54
55
54
55
56
56
56
57
57
57
59
58
59
59
59
60
61
60
61
62
62
62
62
63
64
64
64
65
65
66
65
68
67
67
67
68
68
68
69
69
70
71
70
71
73
74
74
75
73
73
74
75
75
75
76
76
81
78
78
79
80
79
81
80
81
81
82
82
86
83
86
83
84
87
87
86
89
90
89
90
88
91
89
90
90
92
91
92
92
93
93
95
131
95
95
98
96
97
99
98
98
105
99
101
103
101
105
102
104
104
105
105
104
105
105
107
115
107
108
109
111
110
110
111
112
111
112
113
113
114
114
115
116
116
116
117
117
118
123
120
121
121
122
123
122
122
123
124
124
125
125
126
127
127
129
129
129
130
130
132
132
132
132
134
135
135
