12 11
20 15
30 19
42 23
56 27
72 31
90 35
110 39
132 43
156 47
182 51
210 55
240 59
272 63
306 67
342 71
380 75
420 79
462 83
506 87
552 91
600 95
650 99
702 103
756 107
812 111
870 115
930 119
992 123
1056 127
1122 131
1190 135
1260 139
1332 143
1406 147
1482 151
1560 155
1640 159
1722 163
1806 167
1892 171
1980 175
2070 179
2162 183
2256 187
2352 191
2450 195
2550 199
2652 203
2756 207
2862 211
2970 215
3080 219
3192 223
3306 227
3422 231
3540 235
3660 239
3782 243
3906 247
4032 251
4160 255
4290 259
4422 263
4556 267
4692 271
4830 275
4970 279
5112 283
5256 287
5402 291
5550 295
5700 299
5852 303
6006 307
6162 311
6320 315
6480 319
6642 323
6806 327
6972 331
7140 335
7310 339
7482 343
7656 347
7832 351
8010 355
8190 359
8372 363
8556 367
8742 371
8930 375
9120 379
9312 383
9506 387
9702 391
9900 395
