7
5
8
7
8
7
9
11
10
8
7
10
13
9
14
16
15
21
24
19
23
25
19
25
29
25
31
38
35
39
49
43
37
41
59
61
43
57
40
59
68
79
66
99
91
59
114
82
87
122
74
110
69
98
65
72
66
151
121
108
128
77
141
64
131
61
73
174
73
143
217
129
140
82
209
166
220
97
239
113
167
204
116
177
233
90
168
291
191
161
95
335
237
104
241
120
186
367
192
335
287
122
134
233
215
295
349
206
372
344
417
316
454
425
428
389
132
285
301
365
281
225
303
595
281
469
517
445
576
360
458
491
550
557
445
526
433
380
484
504
266
713
798
163
608
662
483
610
325
213
557
707
636
557
612
808
867
692
440
921
531
395
624
665
790
644
884
192
838
627
650
453
912
640
254
828
672
434
711
692
1178
681
688
972
269
411
964
909
1054
816
999
