7
5
8
7
8
7
9
11
10
8
7
10
13
9
14
16
15
21
24
19
23
25
21
25
29
25
31
38
35
39
49
53
37
41
59
61
43
58
42
59
68
79
66
99
91
67
114
82
91
122
84
110
69
98
65
79
66
151
121
108
128
77
141
67
131
96
93
174
73
143
217
129
140
139
209
166
220
97
239
167
167
204
158
177
233
90
168
291
191
213
153
335
237
201
241
170
186
367
132
335
287
217
221
233
215
295
349
285
372
344
417
316
454
425
428
389
178
285
301
365
281
269
303
595
330
469
517
445
576
360
458
491
550
557
445
526
433
380
484
504
266
713
798
362
608
662
483
610
467
494
557
707
636
557
612
808
867
692
440
921
531
395
624
665
790
644
884
465
838
627
650
453
912
640
316
828
672
646
711
692
1178
681
688
972
579
411
964
909
1054
816
999
