22
21
36
37
49
56
8
51
18
78
72
64
8
107
127
36
90
64
56
168
141
62
244
25
28
20
324
224
361
226
237
17
80
160
470
246
291
91
136
63
428
612
589
628
729
707
721
279
234
867
873
496
572
689
173
1056
1054
1054
1145
194
973
879
980
862
1359
481
1444
1081
1132
1338
975
1640
1000
1652
675
247
543
202
269
768
2019
1333
1976
303
2116
2256
2003
115
2373
1706
158
2487
580
351
953
2640
1300
2752
282
2915
2842
102
568
753
3210
2777
2867
1094
481
3383
3351
3656
3721
3782
3844
1336
2455
4032
2816
1688
3659
272
4356
4150
3762
1214
1301
4692
1151
274
992
2559
160
4837
457
4026
5064
3989
3598
5520
5589
5700
541
617
5556
5879
5901
2418
531
2291
226
3556
746
456
676
3481
6889
3346
743
2519
266
2857
1654
7294
2134
1442
6901
7832
643
7605
2004
8099
5801
314
2270
3587
790
3432
2081
7227
1571
9077
463
8829
2096
9233
930
9702
9423
5257
167
