10
7
10
11
11
12
16
16
22
19
19
20
26
22
41
52
25
24
30
30
31
31
40
38
44
40
45
47
44
44
49
52
52
53
59
61
54
54
64
61
61
61
69
69
75
82
77
79
83
81
90
88
92
91
92
94
105
128
114
130
117
121
122
115
118
123
128
130
134
135
143
148
152
155
160
160
163
165
176
174
179
183
201
194
200
203
211
213
217
219
235
234
240
243
250
252
257
288
274
278
281
286
292
324
302
301
311
314
321
330
340
336
347
351
424
370
375
421
391
415
414
431
444
477
456
466
475
486
488
495
624
550
563
593
546
547
553
605
620
626
641
601
623
618
632
715
713
713
725
681
761
698
711
794
747
767
879
804
793
813
811
826
845
847
865
964
883
888
905
945
937
950
953
1000
976
1007
1017
1019
1089
1046
1084
1082
1088
1189
1118
1149
1223
1157
1175
1284
1268
