30
34
41
42
31
31
36
38
46
48
54
55
58
60
65
68
72
78
80
85
96
98
99
103
139
206
151
154
178
191
163
146
146
153
156
162
175
180
187
195
204
249
220
220
357
305
259
252
265
268
280
289
296
309
309
321
369
375
382
395
426
466
444
451
460
484
494
508
527
540
547
561
583
633
629
625
661
664
677
691
711
731
765
951
782
804
815
835
855
885
1002
926
939
954
971
982
1093
1080
1061
1078
1116
1133
1269
1170
1198
1196
1214
1394
1269
1296
1397
1473
1393
1398
1419
1434
1595
1502
1532
1545
1781
1685
1738
1783
1933
1839
1861
2015
1934
1983
2387
2166
2232
2182
2115
2150
2315
2409
2523
2497
2540
2565
2687
2864
2512
2776
2818
2806
3039
2710
3065
2978
2844
3184
3048
2951
3101
3096
3184
3129
3238
3260
3418
3358
3555
3479
3698
3751
3647
3785
3676
3816
3933
3853
4042
3973
4028
4195
4128
4223
4422
4435
4333
4454
4821
4770
4785
4856
4871
4847
4920
