22
27
28
29
32
32
35
39
46
46
52
44
58
51
84
83
68
51
55
65
65
63
77
72
94
82
87
88
90
91
95
98
107
108
112
146
109
109
117
135
129
122
133
136
153
155
151
156
165
162
175
174
184
188
181
185
215
222
219
234
237
244
238
241
239
250
252
261
268
273
285
315
309
318
311
311
329
334
342
343
362
367
388
390
403
407
416
416
436
444
474
474
474
484
494
494
516
528
582
546
569
578
578
582
639
603
621
621
645
654
690
663
700
707
744
753
753
852
772
808
839
857
879
951
915
928
936
1035
981
992
1083
1106
1128
1060
1098
1078
1113
1251
1225
1240
1308
1199
1219
1242
1270
1405
1402
1405
1547
1365
1438
1385
1435
1658
1489
1587
1733
1647
1569
1572
1630
1649
1695
1678
1760
1733
1775
1758
1841
1876
1886
1875
1918
1927
1942
1965
2040
2100
2101
2117
2202
2169
2193
2162
2245
2450
2274
2313
2483
2403
2520
