42
42
57
66
92
109
139
164
221
246
333
426
453
477
573
648
907
911
1089
1201
1476
1683
1915
2156
2693
2753
3096
3294
4004
4365
4794
5176
6189
6702
7214
7808
9233
9890
10793
11519
13363
14204
15269
16492
18505
19734
21422
22617
25616
26859
28952
30427
34314
36080
38977
40318
45064
47058
50394
52864
59329
61689
66511
68631
75731
78525
83671
87264
95699
99050
106618
110727
121564
126093
135458
138761
151798
157477
166714
180634
188101
199054
208639
210650
229152
242175
246900
254442
280433
289193
299887
308948
331192
341461
363064
370438
403604
405878
429073
434940
474713
486614
503662
516998
558114
574344
599468
620592
658235
679203
704185
721413
775443
797347
830043
851244
914892
944805
976530
1002721
1075048
1095997
1148475
1167228
1259212
1286328
1578797
1626830
1706768
1491273
1546880
1571479
1646708
1999440
1780435
1847913
1933158
1963279
2045513
2088757
2191603
2183536
2243625
2294593
2424322
2473655
2843729
2898521
3073779
2869418
2912036
2977092
3095142
3572239
3683636
3732148
3890697
3589734
3651724
3725951
3939866
4465995
4702884
4753182
5003285
4538480
4614176
4709940
4861793
5597662
5125874
5246139
5519167
5604568
5871605
6007509
6109895
6107639
6251506
6348991
6677912
6786834
7159304
7331369
7763234
7812468
7988790
8070736
8206567
8284696
9159950
9123473
9569035
9225102
9334937
9446045
9783557
9970023
11079856
11140073
11524076
10991442
11188601
11441728
12143005
12435176
12137771
12390877
12798272
13988254
14185379
14552571
15121771
14423877
14589981
15830568
16283687
16449878
15713411
16193364
16527362
17118250
18162762
18565998
19184782
18395943
18527303
18691427
19298384
20134600
20012094
20253051
21802360
22133027
21612519
22902988
23019830
24213024
23527664
23681387
24505678
26416936
26645196
27051229
28179663
28466954
27867878
29777640
30862333
29973273
29661166
31093206
32623764
32095284
34342889
34248679
35516979
34116416
35383822
35658419
38007201
37526919
38696615
39723509
41088041
40199044
40787631
42838131
43269912
44076740
45662303
