18
9
11
10
12
10
10
12
12
10
13
12
12
11
17
12
13
12
12
14
13
12
13
14
16
18
17
16
16
16
16
16
18
17
17
17
17
18
18
18
21
22
17
17
17
29
29
24
26
53
33
28
83
31
21
23
25
26
39
24
21
21
25
27
28
27
28
27
29
26
25
25
25
26
25
24
33
26
25
24
25
25
25
25
26
28
27
26
27
29
28
28
29
29
36
29
30
31
31
32
32
32
32
32
34
33
34
34
35
34
36
36
30
31
49
38
32
35
32
33
38
36
36
36
38
38
40
39
40
40
40
40
41
47
41
42
44
56
42
38
42
38
40
40
39
41
42
41
43
40
47
41
40
46
43
43
45
43
48
43
45
48
47
47
48
48
48
48
49
52
51
48
50
51
55
47
49
50
51
50
51
51
53
51
54
57
55
53
55
55
56
