5
4
4
5
4
6
8
8
13
11
10
10
11
10
22
29
14
14
13
14
16
15
26
20
24
23
23
28
21
22
27
27
29
29
28
29
26
27
33
31
33
33
39
35
38
36
40
42
43
42
43
44
45
42
49
50
55
59
60
56
59
57
63
61
62
63
63
65
67
66
75
78
78
79
80
78
82
83
89
91
94
115
98
96
98
100
110
110
112
114
116
115
118
120
128
130
133
135
138
143
139
143
152
157
157
155
154
158
160
172
174
178
178
182
192
183
190
210
200
203
213
218
223
222
227
231
245
246
252
253
285
275
279
276
277
279
286
315
308
318
323
299
329
317
323
369
354
354
363
342
370
361
390
405
374
378
426
391
404
442
415
430
422
433
436
459
457
457
462
511
466
496
476
478
499
506
518
517
575
523
528
541
555
582
567
587
602
576
586
638
645
